<?xml version="1.0" encoding="UTF-8"?>
<!-- Generated by org.testng.reporters.JUnitReportReporter -->
<testsuite skipped="0" hostname="DESKTOP-NCIGGQO" name="siblingconcept.Siblingss" tests="1" failures="0" timestamp="2021-01-04T18:46:53 IST" time="10.721" errors="0">
  <testcase name="iframedemo" time="10.721" classname="siblingconcept.Siblingss"/>
  <system-out/>
</testsuite> <!-- siblingconcept.Siblingss -->
