<?xml version="1.0" encoding="UTF-8"?>
<!-- Generated by org.testng.reporters.JUnitReportReporter -->
<testsuite skipped="0" hostname="DESKTOP-NCIGGQO" name="Practise.Practise_class" tests="1" failures="0" timestamp="2020-11-29T20:46:00 IST" time="20.000" errors="0">
  <testcase name="demo" time="20.000" classname="Practise.Practise_class"/>
  <system-out/>
</testsuite> <!-- Practise.Practise_class -->
