<?xml version="1.0" encoding="UTF-8"?>
<!-- Generated by org.testng.reporters.JUnitReportReporter -->
<testsuite skipped="0" hostname="DESKTOP-NCIGGQO" name="sslcertificate.SSL_Certifiacte_Issue" tests="1" failures="0" timestamp="2020-11-23T22:13:46 IST" time="21.416" errors="0">
  <testcase name="certificate" time="21.416" classname="sslcertificate.SSL_Certifiacte_Issue"/>
  <system-out/>
</testsuite> <!-- sslcertificate.SSL_Certifiacte_Issue -->
