<?xml version="1.0" encoding="UTF-8"?>
<!-- Generated by org.testng.reporters.JUnitReportReporter -->
<testsuite skipped="0" hostname="DESKTOP-NCIGGQO" name="handlealert.Alert_handle" tests="1" failures="0" timestamp="2020-11-16T19:50:40 IST" time="43.626" errors="0">
  <testcase name="alerts" time="43.626" classname="handlealert.Alert_handle"/>
  <system-out/>
</testsuite> <!-- handlealert.Alert_handle -->
