<?xml version="1.0" encoding="UTF-8"?>
<!-- Generated by org.testng.reporters.JUnitReportReporter -->
<testsuite skipped="0" hostname="DESKTOP-NCIGGQO" name="frames.Iframes" tests="1" failures="0" timestamp="2020-11-16T22:49:11 IST" time="51.309" errors="0">
  <testcase name="iframedemo" time="51.309" classname="frames.Iframes"/>
  <system-out/>
</testsuite> <!-- frames.Iframes -->
