<?xml version="1.0" encoding="UTF-8"?>
<!-- Generated by org.testng.reporters.JUnitReportReporter -->
<testsuite skipped="0" hostname="DESKTOP-NCIGGQO" name="screenshot.Screenshot_Test" tests="1" failures="0" timestamp="2020-11-16T12:15:02 IST" time="249.163" errors="0">
  <testcase name="screenshot_capture" time="249.163" classname="screenshot.Screenshot_Test"/>
  <system-out/>
</testsuite> <!-- screenshot.Screenshot_Test -->
