<?xml version="1.0" encoding="UTF-8"?>
<!-- Generated by org.testng.reporters.JUnitReportReporter -->
<testsuite skipped="0" hostname="DESKTOP-NCIGGQO" name="testng_session.TestNG_Fetures" tests="4" failures="0" timestamp="2020-11-24T16:33:05 IST" time="0.000" errors="0">
  <testcase name="loginTest" time="0.000" classname="testng_session.TestNG_Fetures"/>
  <system-out/>
  <testcase name="SearchPage" time="0.000" classname="testng_session.TestNG_Fetures"/>
  <system-out/>
  <testcase name="xomePage" time="0.000" classname="testng_session.TestNG_Fetures"/>
  <system-out/>
  <testcase name="SettigsPage" time="0.000" classname="testng_session.TestNG_Fetures"/>
  <system-out/>
</testsuite> <!-- testng_session.TestNG_Fetures -->
