<?xml version="1.0" encoding="UTF-8"?>
<!-- Generated by org.testng.reporters.JUnitReportReporter -->
<testsuite skipped="0" hostname="DESKTOP-NCIGGQO" name="parameters.Parameters_Testing" tests="1" failures="0" timestamp="2020-11-24T19:40:00 IST" time="11.140" errors="0">
  <testcase name="loginpage" time="11.140" classname="parameters.Parameters_Testing"/>
  <system-out/>
</testsuite> <!-- parameters.Parameters_Testing -->
