<?xml version="1.0" encoding="UTF-8"?>
<!-- Generated by org.testng.reporters.JUnitReportReporter -->
<testsuite skipped="0" hostname="DESKTOP-NCIGGQO" name="testng_session.TestNG_Basics" tests="1" failures="0" timestamp="2020-11-24T16:33:05 IST" time="0.000" errors="0">
  <testcase name="googleTitleTest" time="0.000" classname="testng_session.TestNG_Basics"/>
  <system-out/>
</testsuite> <!-- testng_session.TestNG_Basics -->
