<?xml version="1.0" encoding="UTF-8"?>
<!-- Generated by org.testng.reporters.JUnitReportReporter -->
<testsuite skipped="0" hostname="DESKTOP-NCIGGQO" name="frames.IframesusingWebElement" tests="1" failures="0" timestamp="2020-11-16T22:59:43 IST" time="54.855" errors="0">
  <testcase name="iframedemo" time="54.855" classname="frames.IframesusingWebElement"/>
  <system-out/>
</testsuite> <!-- frames.IframesusingWebElement -->
