<?xml version="1.0" encoding="UTF-8"?>
<!-- Generated by org.testng.reporters.JUnitReportReporter -->
<testsuite skipped="0" hostname="DESKTOP-NCIGGQO" name="testng_session.Invocation" tests="10" failures="0" timestamp="2020-11-24T14:34:37 IST" time="0.022" errors="0">
  <testcase name="count" time="0.001" classname="testng_session.Invocation"/>
  <system-out/>
  <testcase name="count" time="0.002" classname="testng_session.Invocation"/>
  <system-out/>
  <testcase name="count" time="0.000" classname="testng_session.Invocation"/>
  <system-out/>
  <testcase name="count" time="0.002" classname="testng_session.Invocation"/>
  <system-out/>
  <testcase name="count" time="0.001" classname="testng_session.Invocation"/>
  <system-out/>
  <testcase name="count" time="0.001" classname="testng_session.Invocation"/>
  <system-out/>
  <testcase name="count" time="0.010" classname="testng_session.Invocation"/>
  <system-out/>
  <testcase name="count" time="0.003" classname="testng_session.Invocation"/>
  <system-out/>
  <testcase name="count" time="0.001" classname="testng_session.Invocation"/>
  <system-out/>
  <testcase name="count" time="0.001" classname="testng_session.Invocation"/>
  <system-out/>
</testsuite> <!-- testng_session.Invocation -->
