<?xml version="1.0" encoding="UTF-8"?>
<!-- Generated by org.testng.reporters.JUnitReportReporter -->
<testsuite skipped="0" hostname="DESKTOP-NCIGGQO" name="testng_session.ExceptionTimeout" tests="1" failures="0" timestamp="2020-11-24T16:33:05 IST" time="0.012" errors="0">
  <testcase name="except" time="0.012" classname="testng_session.ExceptionTimeout"/>
  <system-out/>
</testsuite> <!-- testng_session.ExceptionTimeout -->
