<?xml version="1.0" encoding="UTF-8"?>
<!-- Generated by org.testng.reporters.JUnitReportReporter -->
<testsuite skipped="0" hostname="DESKTOP-NCIGGQO" name="testng_session.Titlecheck_TestNg" tests="6" failures="0" timestamp="2020-11-24T16:33:05 IST" time="370.332" errors="0">
  <testcase name="title_check" time="74.938" classname="testng_session.Titlecheck_TestNg"/>
  <system-out/>
  <testcase name="MailTest" time="66.939" classname="testng_session.Titlecheck_TestNg"/>
  <system-out/>
  <testcase name="LogoTest" time="60.810" classname="testng_session.Titlecheck_TestNg"/>
  <system-out/>
  <testcase name="Test1" time="66.117" classname="testng_session.Titlecheck_TestNg"/>
  <system-out/>
  <testcase name="Test2" time="33.712" classname="testng_session.Titlecheck_TestNg"/>
  <system-out/>
  <testcase name="Test3" time="67.816" classname="testng_session.Titlecheck_TestNg"/>
  <system-out/>
</testsuite> <!-- testng_session.Titlecheck_TestNg -->
