<?xml version="1.0" encoding="UTF-8"?>
<!-- Generated by org.testng.reporters.JUnitReportReporter -->
<testsuite skipped="0" hostname="DESKTOP-NCIGGQO" name="com.learnautomation.testcases.LoginTestEMS" tests="1" failures="0" timestamp="2020-07-23T13:39:36 IST" time="14.845" errors="0">
  <testcase name="loginapp" time="14.845" classname="com.learnautomation.testcases.LoginTestEMS"/>
  <system-out/>
</testsuite> <!-- com.learnautomation.testcases.LoginTestEMS -->
